<?xml version="1.0" encoding="UTF-8"?>
<!-- Generated by org.testng.reporters.JUnitReportReporter -->
<testsuite skipped="0" hostname="saverma-M800" name="com.Actimize.Alert.NewTest" tests="1" failures="0" timestamp="05 Jun 2018 12:12:39 GMT" time="0.342" errors="0">
  <testcase name="AlertPresent" time="0.342" classname="com.Actimize.Alert.NewTest"/>
</testsuite> <!-- com.Actimize.Alert.NewTest -->
